0 info it worked if it ends with ok
1 verbose cli [ '/usr/local/Cellar/node/5.5.0/bin/node',
1 verbose cli   '/usr/local/bin/npm',
1 verbose cli   'run',
1 verbose cli   'test' ]
2 info using npm@3.10.4
3 info using node@v6.2.2
4 verbose run-script [ 'pretest', 'test', 'posttest' ]
5 info lifecycle redux-todos-example@0.0.0~pretest: redux-todos-example@0.0.0
6 silly lifecycle redux-todos-example@0.0.0~pretest: no script for pretest, continuing
7 info lifecycle redux-todos-example@0.0.0~test: redux-todos-example@0.0.0
8 verbose lifecycle redux-todos-example@0.0.0~test: unsafe-perm in lifecycle true
9 verbose lifecycle redux-todos-example@0.0.0~test: PATH: /usr/local/lib/node_modules/npm/bin/node-gyp-bin:/Users/lilsiri1/TEMPORARY/_TMP/redux-official-todos-WIP-neware/node_modules/.bin:/usr/local/Cellar/node/5.5.0/bin:/Users/lilsiri1/anaconda/bin:/Library/Frameworks/Python.framework/Versions/3.4/bin:/usr/local/heroku/bin:/opt/local/bin:/opt/local/sbin:/usr/local/bin:/usr/local/bin:/Applications/Postgres.app/Contents/Versions/9.3/bin:/Users/lilsiri1/.rvm/gems/ruby-2.2.1/bin:/Users/lilsiri1/.rvm/gems/ruby-2.2.1@global/bin:/Users/lilsiri1/.rvm/rubies/ruby-2.2.1/bin:/Applications/MAMP/bin/php/php5.3.27/bin:/usr/local/bin:/usr/bin:/bin:/usr/sbin:/sbin:/Users/lilsiri1/.rvm/bin:/tools:/platform-tools:/Users/lilsiri1/.rvm/bin
10 verbose lifecycle redux-todos-example@0.0.0~test: CWD: /Users/lilsiri1/TEMPORARY/_TMP/redux-official-todos-WIP-neware
11 silly lifecycle redux-todos-example@0.0.0~test: Args: [ '-c',
11 silly lifecycle   'cross-env NODE_ENV=test mocha --recursive --compilers js:babel-register --require ./test/setup.js' ]
12 silly lifecycle redux-todos-example@0.0.0~test: Returned: code: 3  signal: null
13 info lifecycle redux-todos-example@0.0.0~test: Failed to exec test script
14 verbose stack Error: redux-todos-example@0.0.0 test: `cross-env NODE_ENV=test mocha --recursive --compilers js:babel-register --require ./test/setup.js`
14 verbose stack Exit status 3
14 verbose stack     at EventEmitter.<anonymous> (/usr/local/lib/node_modules/npm/lib/utils/lifecycle.js:242:16)
14 verbose stack     at emitTwo (events.js:106:13)
14 verbose stack     at EventEmitter.emit (events.js:191:7)
14 verbose stack     at ChildProcess.<anonymous> (/usr/local/lib/node_modules/npm/lib/utils/spawn.js:40:14)
14 verbose stack     at emitTwo (events.js:106:13)
14 verbose stack     at ChildProcess.emit (events.js:191:7)
14 verbose stack     at maybeClose (internal/child_process.js:852:16)
14 verbose stack     at Process.ChildProcess._handle.onexit (internal/child_process.js:215:5)
15 verbose pkgid redux-todos-example@0.0.0
16 verbose cwd /Users/lilsiri1/TEMPORARY/_TMP/redux-official-todos-WIP-neware
17 error Darwin 15.6.0
18 error argv "/usr/local/Cellar/node/5.5.0/bin/node" "/usr/local/bin/npm" "run" "test"
19 error node v6.2.2
20 error npm  v3.10.4
21 error code ELIFECYCLE
22 error redux-todos-example@0.0.0 test: `cross-env NODE_ENV=test mocha --recursive --compilers js:babel-register --require ./test/setup.js`
22 error Exit status 3
23 error Failed at the redux-todos-example@0.0.0 test script 'cross-env NODE_ENV=test mocha --recursive --compilers js:babel-register --require ./test/setup.js'.
23 error Make sure you have the latest version of node.js and npm installed.
23 error If you do, this is most likely a problem with the redux-todos-example package,
23 error not with npm itself.
23 error Tell the author that this fails on your system:
23 error     cross-env NODE_ENV=test mocha --recursive --compilers js:babel-register --require ./test/setup.js
23 error You can get information on how to open an issue for this project with:
23 error     npm bugs redux-todos-example
23 error Or if that isn't available, you can get their info via:
23 error     npm owner ls redux-todos-example
23 error There is likely additional logging output above.
24 verbose exit [ 1, true ]
