0 info it worked if it ends with ok
1 verbose cli [ '/usr/local/Cellar/node/5.5.0/bin/node',
1 verbose cli   '/usr/local/bin/npm',
1 verbose cli   'start' ]
2 info using npm@3.10.4
3 info using node@v6.2.2
4 verbose run-script [ 'prestart', 'start', 'poststart' ]
5 info lifecycle redux-todos-example@0.0.0~prestart: redux-todos-example@0.0.0
6 silly lifecycle redux-todos-example@0.0.0~prestart: no script for prestart, continuing
7 info lifecycle redux-todos-example@0.0.0~start: redux-todos-example@0.0.0
8 verbose lifecycle redux-todos-example@0.0.0~start: unsafe-perm in lifecycle true
9 verbose lifecycle redux-todos-example@0.0.0~start: PATH: /usr/local/lib/node_modules/npm/bin/node-gyp-bin:/Users/lilsiri1/TEMPORARY/_TMP/redux-official-todos-WIP-neware/node_modules/.bin:/usr/local/Cellar/node/5.5.0/bin:/Users/lilsiri1/anaconda/bin:/Library/Frameworks/Python.framework/Versions/3.4/bin:/usr/local/heroku/bin:/opt/local/bin:/opt/local/sbin:/usr/local/bin:/usr/local/bin:/Applications/Postgres.app/Contents/Versions/9.3/bin:/Users/lilsiri1/.rvm/gems/ruby-2.2.1/bin:/Users/lilsiri1/.rvm/gems/ruby-2.2.1@global/bin:/Users/lilsiri1/.rvm/rubies/ruby-2.2.1/bin:/Applications/MAMP/bin/php/php5.3.27/bin:/usr/local/bin:/usr/bin:/bin:/usr/sbin:/sbin:/Users/lilsiri1/.rvm/bin:/tools:/platform-tools:/Users/lilsiri1/.rvm/bin
10 verbose lifecycle redux-todos-example@0.0.0~start: CWD: /Users/lilsiri1/TEMPORARY/_TMP/redux-official-todos-WIP-neware
11 silly lifecycle redux-todos-example@0.0.0~start: Args: [ '-c',
11 silly lifecycle   'webpack-dev-server --no-info --devtool #sourcemap --devtool #@eval' ]
12 silly lifecycle redux-todos-example@0.0.0~start: Returned: code: 1  signal: null
13 info lifecycle redux-todos-example@0.0.0~start: Failed to exec start script
14 verbose stack Error: redux-todos-example@0.0.0 start: `webpack-dev-server --no-info --devtool #sourcemap --devtool #@eval`
14 verbose stack Exit status 1
14 verbose stack     at EventEmitter.<anonymous> (/usr/local/lib/node_modules/npm/lib/utils/lifecycle.js:242:16)
14 verbose stack     at emitTwo (events.js:106:13)
14 verbose stack     at EventEmitter.emit (events.js:191:7)
14 verbose stack     at ChildProcess.<anonymous> (/usr/local/lib/node_modules/npm/lib/utils/spawn.js:40:14)
14 verbose stack     at emitTwo (events.js:106:13)
14 verbose stack     at ChildProcess.emit (events.js:191:7)
14 verbose stack     at maybeClose (internal/child_process.js:852:16)
14 verbose stack     at Process.ChildProcess._handle.onexit (internal/child_process.js:215:5)
15 verbose pkgid redux-todos-example@0.0.0
16 verbose cwd /Users/lilsiri1/TEMPORARY/_TMP/redux-official-todos-WIP-neware/dist
17 error Darwin 15.6.0
18 error argv "/usr/local/Cellar/node/5.5.0/bin/node" "/usr/local/bin/npm" "start"
19 error node v6.2.2
20 error npm  v3.10.4
21 error code ELIFECYCLE
22 error redux-todos-example@0.0.0 start: `webpack-dev-server --no-info --devtool #sourcemap --devtool #@eval`
22 error Exit status 1
23 error Failed at the redux-todos-example@0.0.0 start script 'webpack-dev-server --no-info --devtool #sourcemap --devtool #@eval'.
23 error Make sure you have the latest version of node.js and npm installed.
23 error If you do, this is most likely a problem with the redux-todos-example package,
23 error not with npm itself.
23 error Tell the author that this fails on your system:
23 error     webpack-dev-server --no-info --devtool #sourcemap --devtool #@eval
23 error You can get information on how to open an issue for this project with:
23 error     npm bugs redux-todos-example
23 error Or if that isn't available, you can get their info via:
23 error     npm owner ls redux-todos-example
23 error There is likely additional logging output above.
24 verbose exit [ 1, true ]
